SmartHomeAS/app/build/outputs/logs/manifest-merger-debug-report.txt
-- Merging decision tree log ---
manifest
ADDED from src\main\AndroidManifest.xml:2:1-106:12
INJECTED from src\main\AndroidManifest.xml:2:1-106:12
INJECTED from src\main\AndroidManifest.xml:2:1-106:12
INJECTED from src\main\AndroidManifest.xml:2:1-106:12
INJECTED from src\main\AndroidManifest.xml:2:1-106:12
INJECTED from src\main\AndroidManifest.xml:2:1-106:12
INJECTED from src\main\AndroidManifest.xml:2:1-106:12
	package
		ADDED from src\main\AndroidManifest.xml:3:5-33
		INJECTED from src\main\AndroidManifest.xml
		INJECTED from src\main\AndroidManifest.xml
	android:versionName
		ADDED from src\main\AndroidManifest.xml:5:5-30
		INJECTED from src\main\AndroidManifest.xml
		INJECTED from src\main\AndroidManifest.xml
	xmlns:android
		ADDED from src\main\AndroidManifest.xml:2:11-69
	android:versionCode
		ADDED from src\main\AndroidManifest.xml:4:5-28
		INJECTED from src\main\AndroidManifest.xml
		INJECTED from src\main\AndroidManifest.xml
uses-sdk
ADDED from src\main\AndroidManifest.xml:7:5-9:41
INJECTED from src\main\AndroidManifest.xml:7:5-9:41
INJECTED from src\main\AndroidManifest.xml:7:5-9:41
INJECTED from src\main\AndroidManifest.xml:7:5-9:41
INJECTED from src\main\AndroidManifest.xml:7:5-9:41
	android:targetSdkVersion
		ADDED from src\main\AndroidManifest.xml:9:9-38
		INJECTED from src\main\AndroidManifest.xml
		INJECTED from src\main\AndroidManifest.xml
	android:minSdkVersion
		ADDED from src\main\AndroidManifest.xml:8:9-35
		INJECTED from src\main\AndroidManifest.xml
		INJECTED from src\main\AndroidManifest.xml
uses-permission#android.permission.CHANGE_WIFI_STATE
ADDED from src\main\AndroidManifest.xml:15:5-76
	android:name
		ADDED from src\main\AndroidManifest.xml:15:22-73
uses-permission#android.permission.CHANGE_NETWORK_STATE
ADDED from src\main\AndroidManifest.xml:16:5-79
	android:name
		ADDED from src\main\AndroidManifest.xml:16:22-76
uses-permission#android.permission.CHANGE_WIFI_MULTICAST_STATE
ADDED from src\main\AndroidManifest.xml:17:5-86
	android:name
		ADDED from src\main\AndroidManifest.xml:17:22-83
uses-permission#android.permission.ACCESS_NETWORK_STATE
ADDED from src\main\AndroidManifest.xml:18:5-79
	android:name
		ADDED from src\main\AndroidManifest.xml:18:22-76
uses-permission#android.permission.ACCESS_WIFI_STATE
ADDED from src\main\AndroidManifest.xml:19:5-76
	android:name
		ADDED from src\main\AndroidManifest.xml:19:22-73
uses-permission#android.permission.WAKE_LOCK
ADDED from src\main\AndroidManifest.xml:20:2-64
	android:name
		ADDED from src\main\AndroidManifest.xml:20:19-62
uses-permission#android.permission.INTERNET
ADDED from src\main\AndroidManifest.xml:21:5-67
	android:name
		ADDED from src\main\AndroidManifest.xml:21:22-64
uses-permission#android.permission.VIBRATE
ADDED from src\main\AndroidManifest.xml:22:5-66
	android:name
		ADDED from src\main\AndroidManifest.xml:22:22-63
uses-permission#android.permission.CAMERA
ADDED from src\main\AndroidManifest.xml:24:5-65
	android:name
		ADDED from src\main\AndroidManifest.xml:24:22-62
uses-feature#android.hardware.camera
ADDED from src\main\AndroidManifest.xml:26:5-60
	android:name
		ADDED from src\main\AndroidManifest.xml:26:19-57
uses-feature#android.hardware.camera.autofocus
ADDED from src\main\AndroidManifest.xml:28:5-70
	android:name
		ADDED from src\main\AndroidManifest.xml:28:19-67
uses-permission#android.permission.WRITE_EXTERNAL_STORAGE
ADDED from src\main\AndroidManifest.xml:31:5-81
	android:name
		ADDED from src\main\AndroidManifest.xml:31:22-78
uses-permission#android.permission.FLASHLIGHT
ADDED from src\main\AndroidManifest.xml:33:5-69
	android:name
		ADDED from src\main\AndroidManifest.xml:33:22-66
uses-permission#android.permission.MOUNT_UNMOUNT_FILESYSTEMS
ADDED from src\main\AndroidManifest.xml:34:5-84
	android:name
		ADDED from src\main\AndroidManifest.xml:34:22-81
application
ADDED from src\main\AndroidManifest.xml:37:5-104:19
	android:label
		ADDED from src\main\AndroidManifest.xml:40:9-41
	android:icon
		ADDED from src\main\AndroidManifest.xml:39:9-38
	android:allowBackup
		ADDED from src\main\AndroidManifest.xml:38:9-35
	android:theme
		ADDED from src\main\AndroidManifest.xml:42:9-40
	android:name
		ADDED from src\main\AndroidManifest.xml:41:9-56
uses-library#android.test.runner
ADDED from src\main\AndroidManifest.xml:43:9-60
	android:name
		ADDED from src\main\AndroidManifest.xml:43:23-57
service#com.demo.smarthome.service.SocketService
ADDED from src\main\AndroidManifest.xml:45:9-76
	android:name
		ADDED from src\main\AndroidManifest.xml:45:18-73
activity#com.demo.smarthome.activity.WelcomeActivity
ADDED from src\main\AndroidManifest.xml:47:9-57:20
	android:screenOrientation
		ADDED from src\main\AndroidManifest.xml:49:13-49
	android:label
		ADDED from src\main\AndroidManifest.xml:51:13-45
	android:launchMode
		ADDED from src\main\AndroidManifest.xml:50:13-44
	android:name
		ADDED from src\main\AndroidManifest.xml:48:13-71
intent-filter#android.intent.action.MAIN+android.intent.category.LAUNCHER
ADDED from src\main\AndroidManifest.xml:52:13-56:29
action#android.intent.action.MAIN
ADDED from src\main\AndroidManifest.xml:53:17-69
	android:name
		ADDED from src\main\AndroidManifest.xml:53:25-66
category#android.intent.category.LAUNCHER
ADDED from src\main\AndroidManifest.xml:55:17-77
	android:name
		ADDED from src\main\AndroidManifest.xml:55:27-74
activity#com.demo.smarthome.activity.LoginActivity
ADDED from src\main\AndroidManifest.xml:58:9-63:20
	android:screenOrientation
		ADDED from src\main\AndroidManifest.xml:61:13-49
	android:launchMode
		ADDED from src\main\AndroidManifest.xml:60:13-44
	android:name
		ADDED from src\main\AndroidManifest.xml:59:13-69
activity#com.demo.smarthome.activity.MainActivity
ADDED from src\main\AndroidManifest.xml:64:9-69:20
	android:screenOrientation
		ADDED from src\main\AndroidManifest.xml:66:13-49
	android:label
		ADDED from src\main\AndroidManifest.xml:68:13-60
	android:launchMode
		ADDED from src\main\AndroidManifest.xml:67:13-44
	android:name
		ADDED from src\main\AndroidManifest.xml:65:13-68
activity#com.demo.smarthome.activity.RegisterActivity
ADDED from src\main\AndroidManifest.xml:70:9-74:20
	android:screenOrientation
		ADDED from src\main\AndroidManifest.xml:72:13-49
	android:label
		ADDED from src\main\AndroidManifest.xml:73:13-60
	android:name
		ADDED from src\main\AndroidManifest.xml:71:13-72
activity#com.demo.smarthome.activity.SetupDevActivity
ADDED from src\main\AndroidManifest.xml:75:9-79:20
	android:screenOrientation
		ADDED from src\main\AndroidManifest.xml:77:13-49
	android:label
		ADDED from src\main\AndroidManifest.xml:78:13-61
	android:name
		ADDED from src\main\AndroidManifest.xml:76:13-72
activity#com.demo.smarthome.activity.DevViewActivity
ADDED from src\main\AndroidManifest.xml:80:9-84:20
	android:screenOrientation
		ADDED from src\main\AndroidManifest.xml:82:13-49
	android:label
		ADDED from src\main\AndroidManifest.xml:83:13-60
	android:name
		ADDED from src\main\AndroidManifest.xml:81:13-71
activity#com.demo.smarthome.activity.ScanActivity
ADDED from src\main\AndroidManifest.xml:86:9-90:20
	android:screenOrientation
		ADDED from src\main\AndroidManifest.xml:88:13-49
	android:label
		ADDED from src\main\AndroidManifest.xml:89:13-60
	android:name
		ADDED from src\main\AndroidManifest.xml:87:13-68
activity#com.demo.smarthome.zxing.demo.CaptureActivity
ADDED from src\main\AndroidManifest.xml:91:10-98:20
	android:screenOrientation
		ADDED from src\main\AndroidManifest.xml:95:13-50
	android:label
		ADDED from src\main\AndroidManifest.xml:94:13-48
	android:windowSoftInputMode
		ADDED from src\main\AndroidManifest.xml:97:13-60
	android:configChanges
		ADDED from src\main\AndroidManifest.xml:93:13-63
	android:theme
		ADDED from src\main\AndroidManifest.xml:96:13-71
	android:name
		ADDED from src\main\AndroidManifest.xml:92:13-73
activity#com.espressif.iot.esptouch.demo_activity.EsptouchDemoActivity
ADDED from src\main\AndroidManifest.xml:99:13-103:20
	android:screenOrientation
		ADDED from src\main\AndroidManifest.xml:101:13-49
	android:label
		ADDED from src\main\AndroidManifest.xml:102:13-45
	android:name
		ADDED from src\main\AndroidManifest.xml:100:13-89